<?xml version="1.0" encoding="UTF-8"?>
<testsuite name="com.bjjeire.api.gym.GymServiceTest" time="0.132" tests="4" errors="0" skipped="1" failures="1">
  <testcase name="shouldCreateGym" classname="com.bjjeire.api.gym.GymServiceTest" time="0.010"/>
  <testcase name="shouldUpdateGym" classname="com.bjjeire.api.gym.GymServiceTest" time="0.008"/>
  <testcase name="shouldRejectUnknownCounty" classname="com.bjjeire.api.gym.GymServiceTest" time="0.012">
    <failure message="expected 400 but was 200">expected 400 but was 200</failure>
  </testcase>
  <testcase name="shouldSkipFlakyProbe" classname="com.bjjeire.api.gym.GymServiceTest" time="0.000">
    <skipped message="not in this environment"/>
  </testcase>
</testsuite>
